[    0.000000] Linux version 4.15.0-64-generic (buildd@lgw01-amd64-038) (gcc version 7.4.0 (Ubuntu 7.4.0-1ubuntu1~18.04.1)) #73-Ubuntu SMP Thu Sep 12 13:16:13 UTC 2019 (Ubuntu 4.15.0-64.73-generic 4.15.18)
[    0.000000] Command line: BOOT_IMAGE=/boot/vmlinuz-4.15.0-64-generic root=LABEL=cloudimg-rootfs ro console=tty1 console=ttyS0
[    0.000000] KERNEL supported cpus:
[    0.000000]   Intel GenuineIntel
[    0.000000]   AMD AuthenticAMD
[    0.000000]   Centaur CentaurHauls
[    0.000000] x86/fpu: Supporting XSAVE feature 0x001: 'x87 floating point registers'
[    0.000000] x86/fpu: Supporting XSAVE feature 0x002: 'SSE registers'
[    0.000000] x86/fpu: Supporting XSAVE feature 0x004: 'AVX registers'
[    0.000000] x86/fpu: xstate_offset[2]:  576, xstate_sizes[2]:  256
[    0.000000] x86/fpu: Enabled xstate features 0x7, context size is 832 bytes, using 'standard' format.
[    0.000000] e820: BIOS-provided physical RAM map:
[    0.000000] BIOS-e820: [mem 0x0000000000000000-0x000000000009fbff] usable
[    0.000000] BIOS-e820: [mem 0x000000000009fc00-0x000000000009ffff] reserved
[    0.000000] BIOS-e820: [mem 0x00000000000f0000-0x00000000000fffff] reserved
[    0.000000] BIOS-e820: [mem 0x0000000000100000-0x000000003ffeffff] usable
[    0.000000] BIOS-e820: [mem 0x000000003fff0000-0x000000003fffffff] ACPI data
[    0.000000] BIOS-e820: [mem 0x00000000fec00000-0x00000000fec00fff] reserved
[    0.000000] BIOS-e820: [mem 0x00000000fee00000-0x00000000fee00fff] reserved
[    0.000000] BIOS-e820: [mem 0x00000000fffc0000-0x00000000ffffffff] reserved
[    0.000000] NX (Execute Disable) protection: active
[    0.000000] SMBIOS 2.5 present.
[    0.000000] DMI: innotek GmbH VirtualBox/VirtualBox, BIOS VirtualBox 12/01/2006
[    0.000000] Hypervisor detected: KVM
[    0.000000] e820: last_pfn = 0x3fff0 max_arch_pfn = 0x400000000
[    0.000000] MTRR: Disabled
[    0.000000] x86/PAT: MTRRs disabled, skipping PAT initialization too.
[    0.000000] CPU MTRRs all blank - virtualized system.
[    0.000000] x86/PAT: Configuration [0-7]: WB  WT  UC- UC  WB  WT  UC- UC  
[    0.000000] found SMP MP-table at [mem 0x0009fff0-0x0009ffff]
[    0.000000] Scanning 1 areas for low memory corruption
[    0.000000] RAMDISK: [mem 0x35a89000-0x36d3bfff]
[    0.000000] ACPI: Early table checksum verification disabled
[    0.000000] ACPI: RSDP 0x00000000000E0000 000024 (v02 VBOX  )
[    0.000000] ACPI: XSDT 0x000000003FFF0030 00003C (v01 VBOX   VBOXXSDT 00000001 ASL  00000061)
[    0.000000] ACPI: FACP 0x000000003FFF00F0 0000F4 (v04 VBOX   VBOXFACP 00000001 ASL  00000061)
[    0.000000] ACPI: DSDT 0x000000003FFF0470 0022EA (v02 VBOX   VBOXBIOS 00000002 INTL 20100528)
[    0.000000] ACPI: FACS 0x000000003FFF0200 000040
[    0.000000] ACPI: FACS 0x000000003FFF0200 000040
[    0.000000] ACPI: APIC 0x000000003FFF0240 00005C (v02 VBOX   VBOXAPIC 00000001 ASL  00000061)
[    0.000000] ACPI: SSDT 0x000000003FFF02A0 0001CC (v01 VBOX   VBOXCPUT 00000002 INTL 20100528)
[    0.000000] No NUMA configuration found
[    0.000000] Faking a node at [mem 0x0000000000000000-0x000000003ffeffff]
[    0.000000] NODE_DATA(0) allocated [mem 0x3ffc5000-0x3ffeffff]
[    0.000000] kvm-clock: cpu 0, msr 0:3ff44001, primary cpu clock
[    0.000000] kvm-clock: Using msrs 4b564d01 and 4b564d00
[    0.000000] kvm-clock: using sched offset of 4005144186 cycles
[    0.000000] clocksource: kvm-clock: mask: 0xffffffffffffffff max_cycles: 0x1cd42e4dffb, max_idle_ns: 881590591483 ns
[    0.000000] Zone ranges:
[    0.000000]   DMA      [mem 0x0000000000001000-0x0000000000ffffff]
[    0.000000]   DMA32    [mem 0x0000000001000000-0x000000003ffeffff]
[    0.000000]   Normal   empty
[    0.000000]   Device   empty
[    0.000000] Movable zone start for each node
[    0.000000] Early memory node ranges
[    0.000000]   node   0: [mem 0x0000000000001000-0x000000000009efff]
[    0.000000]   node   0: [mem 0x0000000000100000-0x000000003ffeffff]
[    0.000000] Reserved but unavailable: 98 pages
[    0.000000] Initmem setup node 0 [mem 0x0000000000001000-0x000000003ffeffff]
[    0.000000] ACPI: PM-Timer IO Port: 0x4008
[    0.000000] IOAPIC[0]: apic_id 2, version 32, address 0xfec00000, GSI 0-23
[    0.000000] ACPI: INT_SRC_OVR (bus 0 bus_irq 0 global_irq 2 dfl dfl)
[    0.000000] ACPI: INT_SRC_OVR (bus 0 bus_irq 9 global_irq 9 low level)
[    0.000000] Using ACPI (MADT) for SMP configuration information
[    0.000000] smpboot: Allowing 2 CPUs, 0 hotplug CPUs
[    0.000000] PM: Registered nosave memory: [mem 0x00000000-0x00000fff]
[    0.000000] PM: Registered nosave memory: [mem 0x0009f000-0x0009ffff]
[    0.000000] PM: Registered nosave memory: [mem 0x000a0000-0x000effff]
[    0.000000] PM: Registered nosave memory: [mem 0x000f0000-0x000fffff]
[    0.000000] e820: [mem 0x40000000-0xfebfffff] available for PCI devices
[    0.000000] Booting paravirtualized kernel on KVM
[    0.000000] clocksource: refined-jiffies: mask: 0xffffffff max_cycles: 0xffffffff, max_idle_ns: 7645519600211568 ns
[    0.000000] random: get_random_bytes called from start_kernel+0x99/0x4fd with crng_init=0
[    0.000000] setup_percpu: NR_CPUS:8192 nr_cpumask_bits:2 nr_cpu_ids:2 nr_node_ids:1
[    0.000000] percpu: Embedded 46 pages/cpu s151552 r8192 d28672 u1048576
[    0.000000] PV qspinlock hash table entries: 256 (order: 0, 4096 bytes)
[    0.000000] Built 1 zonelists, mobility grouping on.  Total pages: 257913
[    0.000000] Policy zone: DMA32
[    0.000000] Kernel command line: BOOT_IMAGE=/boot/vmlinuz-4.15.0-64-generic root=LABEL=cloudimg-rootfs ro console=tty1 console=ttyS0
[    0.000000] Memory: 983436K/1048120K available (12300K kernel code, 2481K rwdata, 4172K rodata, 2436K init, 2384K bss, 64684K reserved, 0K cma-reserved)
[    0.000000] SLUB: HWalign=64, Order=0-3, MinObjects=0, CPUs=2, Nodes=1
[    0.000000] Kernel/User page tables isolation: enabled
[    0.000000] ftrace: allocating 39306 entries in 154 pages
[    0.004000] Hierarchical RCU implementation.
[    0.004000] 	RCU restricting CPUs from NR_CPUS=8192 to nr_cpu_ids=2.
[    0.004000] 	Tasks RCU enabled.
[    0.004000] RCU: Adjusting geometry for rcu_fanout_leaf=16, nr_cpu_ids=2
[    0.004000] NR_IRQS: 524544, nr_irqs: 440, preallocated irqs: 16
[    0.004000] Console: colour VGA+ 80x25
[    0.004000] console [tty1] enabled
[    0.004000] console [ttyS0] enabled
[    0.004000] ACPI: Core revision 20170831
[    0.004000] ACPI: 2 ACPI AML tables successfully acquired and loaded
[    0.004000] APIC: Switch to symmetric I/O mode setup
[    0.004000] x2apic enabled
[    0.004000] Switched APIC routing to physical x2apic.
[    0.005197] ..TIMER: vector=0x30 apic1=0 pin1=2 apic2=-1 pin2=-1
[    0.008002] tsc: Detected 2711.996 MHz processor
[    0.009018] Calibrating delay loop (skipped) preset value.. 5423.99 BogoMIPS (lpj=10847984)
[    0.012002] pid_max: default: 32768 minimum: 301
[    0.013111] Security Framework initialized
[    0.014101] Yama: becoming mindful.
[    0.016022] AppArmor: AppArmor initialized
[    0.020000] Dentry cache hash table entries: 131072 (order: 8, 1048576 bytes)
[    0.020070] Inode-cache hash table entries: 65536 (order: 7, 524288 bytes)
[    0.024013] Mount-cache hash table entries: 2048 (order: 2, 16384 bytes)
[    0.025448] Mountpoint-cache hash table entries: 2048 (order: 2, 16384 bytes)
[    0.027259] Last level iTLB entries: 4KB 64, 2MB 8, 4MB 8
[    0.028002] Last level dTLB entries: 4KB 64, 2MB 0, 4MB 0, 1GB 4
[    0.029347] Spectre V1 : Mitigation: usercopy/swapgs barriers and __user pointer sanitization
[    0.031200] Spectre V2 : Mitigation: Full generic retpoline
[    0.032002] Spectre V2 : Spectre v2 / SpectreRSB mitigation: Filling RSB on context switch
[    0.033661] Speculative Store Bypass: Vulnerable
[    0.034657] MDS: Vulnerable: Clear CPU buffers attempted, no microcode
[    0.036214] Freeing SMP alternatives memory: 36K
[    0.044000] APIC calibration not consistent with PM-Timer: 98ms instead of 100ms
[    0.044000] APIC delta adjusted to PM-Timer: 6243531 (6157035)
[    0.044076] smpboot: CPU0: Intel(R) Core(TM) i5-7200U CPU @ 2.50GHz (family: 0x6, model: 0x8e, stepping: 0x9)
[    0.046284] Performance Events: unsupported p6 CPU model 142 no PMU driver, software events only.
[    0.048000] Hierarchical SRCU implementation.
[    0.048606] NMI watchdog: Perf event create on CPU 0 failed with -2
[    0.049984] NMI watchdog: Perf NMI watchdog permanently disabled
[    0.051359] smp: Bringing up secondary CPUs ...
[    0.052082] x86: Booting SMP configuration:
[    0.053045] .... node  #0, CPUs:      #1
[    0.004000] kvm-clock: cpu 1, msr 0:3ff44041, secondary cpu clock
[    0.059157] smp: Brought up 1 node, 2 CPUs
[    0.060005] smpboot: Max logical packages: 1
[    0.061010] smpboot: Total of 2 processors activated (10847.98 BogoMIPS)
[    0.062588] devtmpfs: initialized
[    0.062588] x86/mm: Memory block size: 128MB
[    0.064167] evm: security.selinux
[    0.065002] evm: security.SMACK64
[    0.065908] evm: security.SMACK64EXEC
[    0.068003] evm: security.SMACK64TRANSMUTE
[    0.068973] evm: security.SMACK64MMAP
[    0.069821] evm: security.apparmor
[    0.070743] evm: security.ima
[    0.071462] evm: security.capability
[    0.072125] clocksource: jiffies: mask: 0xffffffff max_cycles: 0xffffffff, max_idle_ns: 7645041785100000 ns
[    0.074102] futex hash table entries: 512 (order: 3, 32768 bytes)
[    0.080013] pinctrl core: initialized pinctrl subsystem
[    0.081302] RTC time:  8:17:20, date: 04/02/20
[    0.082475] NET: Registered protocol family 16
[    0.083636] audit: initializing netlink subsys (disabled)
[    0.084035] audit: type=2000 audit(1585815445.494:1): state=initialized audit_enabled=0 res=1
[    0.085949] cpuidle: using governor ladder
[    0.085949] cpuidle: using governor menu
[    0.088064] ACPI: bus type PCI registered
[    0.088995] acpiphp: ACPI Hot Plug PCI Controller Driver version: 0.5
[    0.090429] PCI: Using configuration type 1 for base access
[    0.093209] HugeTLB registered 2.00 MiB page size, pre-allocated 0 pages
[    0.096089] ACPI: Added _OSI(Module Device)
[    0.097051] ACPI: Added _OSI(Processor Device)
[    0.098039] ACPI: Added _OSI(3.0 _SCP Extensions)
[    0.100009] ACPI: Added _OSI(Processor Aggregator Device)
[    0.101158] ACPI: Added _OSI(Linux-Dell-Video)
[    0.102161] ACPI: Added _OSI(Linux-Lenovo-NV-HDMI-Audio)
[    0.103308] ACPI: Added _OSI(Linux-HPI-Hybrid-Graphics)
[    0.104336] ACPI: Executed 1 blocks of module-level executable AML code
[    0.110096] ACPI: Interpreter enabled
[    0.111045] ACPI: (supports S0 S5)
[    0.112003] ACPI: Using IOAPIC for interrupt routing
[    0.113408] PCI: Using host bridge windows from ACPI; if necessary, use "pci=nocrs" and report a bug
[    0.115864] ACPI: Enabled 2 GPEs in block 00 to 07
[    0.124949] ACPI: PCI Root Bridge [PCI0] (domain 0000 [bus 00-ff])
[    0.126948] acpi PNP0A03:00: _OSC: OS supports [ASPM ClockPM Segments MSI]
[    0.128991] acpi PNP0A03:00: _OSC: not requesting OS control; OS requires [ExtendedConfig ASPM ClockPM MSI]
[    0.132019] acpi PNP0A03:00: fail to add MMCONFIG information, can't access extended PCI configuration space under this bridge.
[    0.136772] PCI host bridge to bus 0000:00
[    0.140006] pci_bus 0000:00: root bus resource [io  0x0000-0x0cf7 window]
[    0.142511] pci_bus 0000:00: root bus resource [io  0x0d00-0xffff window]
[    0.144007] pci_bus 0000:00: root bus resource [mem 0x000a0000-0x000bffff window]
[    0.146025] pci_bus 0000:00: root bus resource [mem 0x40000000-0xfdffffff window]
[    0.148012] pci_bus 0000:00: root bus resource [bus 00-ff]
[    0.155876] pci 0000:00:01.1: legacy IDE quirk: reg 0x10: [io  0x01f0-0x01f7]
[    0.156009] pci 0000:00:01.1: legacy IDE quirk: reg 0x14: [io  0x03f6]
[    0.157752] pci 0000:00:01.1: legacy IDE quirk: reg 0x18: [io  0x0170-0x0177]
[    0.160010] pci 0000:00:01.1: legacy IDE quirk: reg 0x1c: [io  0x0376]
[    0.186287] pci 0000:00:07.0: quirk: [io  0x4000-0x403f] claimed by PIIX4 ACPI
[    0.188038] pci 0000:00:07.0: quirk: [io  0x4100-0x410f] claimed by PIIX4 SMB
[    0.201138] ACPI: PCI Interrupt Link [LNKA] (IRQs 5 9 10 *11)
[    0.203481] ACPI: PCI Interrupt Link [LNKB] (IRQs 5 9 *10 11)
[    0.204243] ACPI: PCI Interrupt Link [LNKC] (IRQs 5 *9 10 11)
[    0.206082] ACPI: PCI Interrupt Link [LNKD] (IRQs 5 9 10 *11)
[    0.208570] SCSI subsystem initialized
[    0.209729] pci 0000:00:02.0: vgaarb: setting as boot VGA device
[    0.209927] pci 0000:00:02.0: vgaarb: VGA device added: decodes=io+mem,owns=io+mem,locks=none
[    0.212022] pci 0000:00:02.0: vgaarb: bridge control possible
[    0.216008] vgaarb: loaded
[    0.216897] ACPI: bus type USB registered
[    0.218223] usbcore: registered new interface driver usbfs
[    0.220017] usbcore: registered new interface driver hub
[    0.221193] usbcore: registered new device driver usb
[    0.222377] EDAC MC: Ver: 3.0.0
[    0.224293] PCI: Using ACPI for IRQ routing
[    0.225625] NetLabel: Initializing
[    0.226673] NetLabel:  domain hash size = 128
[    0.228005] NetLabel:  protocols = UNLABELED CIPSOv4 CALIPSO
[    0.229597] NetLabel:  unlabeled traffic allowed by default
[    0.231178] clocksource: Switched to clocksource kvm-clock
[    0.251556] VFS: Disk quotas dquot_6.6.0
[    0.252962] VFS: Dquot-cache hash table entries: 512 (order 0, 4096 bytes)
[    0.255290] AppArmor: AppArmor Filesystem Enabled
[    0.256935] pnp: PnP ACPI init
[    0.259210] pnp: PnP ACPI: found 3 devices
[    0.270568] clocksource: acpi_pm: mask: 0xffffff max_cycles: 0xffffff, max_idle_ns: 2085701024 ns
[    0.273585] NET: Registered protocol family 2
[    0.278348] TCP established hash table entries: 8192 (order: 4, 65536 bytes)
[    0.280651] TCP bind hash table entries: 8192 (order: 5, 131072 bytes)
[    0.282791] TCP: Hash tables configured (established 8192 bind 8192)
[    0.284915] UDP hash table entries: 512 (order: 2, 16384 bytes)
[    0.286837] UDP-Lite hash table entries: 512 (order: 2, 16384 bytes)
[    0.288969] NET: Registered protocol family 1
[    0.290497] pci 0000:00:00.0: Limiting direct PCI/PCI transfers
[    0.292212] pci 0000:00:01.0: Activating ISA DMA hang workarounds
[    0.293959] pci 0000:00:02.0: Video device with shadowed ROM at [mem 0x000c0000-0x000dffff]
[    0.296140] Unpacking initramfs...
[    0.663232] Freeing initrd memory: 19148K
[    0.664332] clocksource: tsc: mask: 0xffffffffffffffff max_cycles: 0x271782d3887, max_idle_ns: 440795314643 ns
[    0.666445] platform rtc_cmos: registered platform RTC device (no PNP device found)
[    0.668221] Scanning for low memory corruption every 60 seconds
[    0.670408] Initialise system trusted keyrings
[    0.671454] Key type blacklist registered
[    0.672904] workingset: timestamp_bits=36 max_order=18 bucket_order=0
[    0.676097] zbud: loaded
[    0.677504] squashfs: version 4.0 (2009/01/31) Phillip Lougher
[    0.679217] fuse init (API version 7.26)
[    0.688789] Key type asymmetric registered
[    0.689769] Asymmetric key parser 'x509' registered
[    0.690936] Block layer SCSI generic (bsg) driver version 0.4 loaded (major 246)
[    0.692867] io scheduler noop registered
[    0.693856] io scheduler deadline registered
[    0.694926] io scheduler cfq registered (default)
[    0.696408] ACPI: AC Adapter [AC] (on-line)
[    0.697412] input: Power Button as /devices/LNXSYSTM:00/LNXPWRBN:00/input/input0
[    0.699189] ACPI: Power Button [PWRF]
[    0.700168] input: Sleep Button as /devices/LNXSYSTM:00/LNXSLPBN:00/input/input1
[    0.701807] ACPI: Sleep Button [SLPF]
[    0.703984] ACPI: Battery Slot [BAT0] (battery present)
[    0.704119] Serial: 8250/16550 driver, 32 ports, IRQ sharing enabled
[    0.727806] 00:02: ttyS0 at I/O 0x3f8 (irq = 4, base_baud = 115200) is a 16550A
[    0.731051] Linux agpgart interface v0.103
[    0.733375] loop: module loaded
[    0.734900] scsi host0: ata_piix
[    0.735936] scsi host1: ata_piix
[    0.736817] ata1: PATA max UDMA/33 cmd 0x1f0 ctl 0x3f6 bmdma 0xd000 irq 14
[    0.738307] ata2: PATA max UDMA/33 cmd 0x170 ctl 0x376 bmdma 0xd008 irq 15
[    0.739988] libphy: Fixed MDIO Bus: probed
[    0.741035] tun: Universal TUN/TAP device driver, 1.6
[    0.742318] PPP generic driver version 2.4.2
[    0.743384] ehci_hcd: USB 2.0 'Enhanced' Host Controller (EHCI) Driver
[    0.744944] ehci-pci: EHCI PCI platform driver
[    0.746042] ehci-platform: EHCI generic platform driver
[    0.747234] ohci_hcd: USB 1.1 'Open' Host Controller (OHCI) Driver
[    0.748742] ohci-pci: OHCI PCI platform driver
[    0.749789] ohci-platform: OHCI generic platform driver
[    0.750989] uhci_hcd: USB Universal Host Controller Interface driver
[    0.752431] i8042: PNP: PS/2 Controller [PNP0303:PS2K,PNP0f03:PS2M] at 0x60,0x64 irq 1,12
[    0.754947] serio: i8042 KBD port at 0x60,0x64 irq 1
[    0.756115] serio: i8042 AUX port at 0x60,0x64 irq 12
[    0.757420] mousedev: PS/2 mouse device common for all mice
[    0.758945] input: AT Translated Set 2 keyboard as /devices/platform/i8042/serio0/input/input2
[    0.761249] rtc_cmos rtc_cmos: rtc core: registered rtc_cmos as rtc0
[    0.762692] rtc_cmos rtc_cmos: alarms up to one day, 114 bytes nvram
[    0.764135] i2c /dev entries driver
[    0.765075] device-mapper: uevent: version 1.0.3
[    0.766206] device-mapper: ioctl: 4.37.0-ioctl (2017-09-20) initialised: dm-devel@redhat.com
[    0.768163] ledtrig-cpu: registered to indicate activity on CPUs
[    0.770432] NET: Registered protocol family 10
[    0.776190] Segment Routing with IPv6
[    0.777088] NET: Registered protocol family 17
[    0.778214] Key type dns_resolver registered
[    0.779464] mce: Using 0 MCE banks
[    0.780599] RAS: Correctable Errors collector initialized.
[    0.781835] sched_clock: Marking stable (780583439, 0)->(1084590661, -304007222)
[    0.783824] registered taskstats version 1
[    0.784824] Loading compiled-in X.509 certificates
[    0.788666] Loaded X.509 cert 'Build time autogenerated kernel key: 9ff85db0b1f72c0c954e4d2eaca5a9366845820b'
[    0.790912] zswap: loaded using pool lzo/zbud
[    0.796496] Key type big_key registered
[    0.797806] Key type trusted registered
[    0.801341] Key type encrypted registered
[    0.802274] AppArmor: AppArmor sha1 policy hashing enabled
[    0.803404] ima: No TPM chip found, activating TPM-bypass! (rc=-19)
[    0.804742] ima: Allocated hash algorithm: sha1
[    0.805722] evm: HMAC attrs: 0x1
[    0.806675]   Magic number: 0:702:269
[    0.807666] rtc_cmos rtc_cmos: setting system clock to 2020-04-02 08:17:21 UTC (1585815441)
[    0.809729] BIOS EDD facility v0.16 2004-Jun-25, 0 devices found
[    0.811000] EDD information not available.
[    0.909988] Freeing unused kernel image memory: 2436K
[    0.920282] Write protecting the kernel read-only data: 20480k
[    0.927031] Freeing unused kernel image memory: 2008K
[    0.932383] Freeing unused kernel image memory: 1972K
[    0.954473] x86/mm: Checked W+X mappings: passed, no W+X pages found.
[    0.957115] x86/mm: Checking user space page tables
[    0.973249] x86/mm: Checked W+X mappings: passed, no W+X pages found.
Loading, please wait...
starting version 237
[    1.047743] e1000: Intel(R) PRO/1000 Network Driver - version 7.3.21-k8-NAPI
[    1.049244] e1000: Copyright (c) 1999-2006 Intel Corporation.
[    1.052853] Fusion MPT base driver 3.04.20
[    1.053782] Copyright (c) 1999-2008 LSI Corporation
[    1.077629] AVX2 version of gcm_enc/dec engaged.
[    1.078675] AES CTR mode by8 optimization enabled
[    1.086106] Fusion MPT SPI Host driver 3.04.20
[    1.299948] input: ImExPS/2 Generic Explorer Mouse as /devices/platform/i8042/serio1/input/input4
[    1.514758] e1000 0000:00:03.0 eth0: (PCI:33MHz:32-bit) 02:50:d4:3b:43:74
[    1.516898] e1000 0000:00:03.0 eth0: Intel(R) PRO/1000 Network Connection
[    1.520671] mptbase: ioc0: Initiating bringup
[    1.521944] e1000 0000:00:03.0 enp0s3: renamed from eth0
[    1.742397] ioc0: LSI53C1030 A0: Capabilities={Initiator}
[    3.668410] scsi host2: ioc0: LSI53C1030 A0, FwRev=00000000h, Ports=1, MaxQ=256, IRQ=20
[    4.602016] scsi 2:0:0:0: Direct-Access     VBOX     HARDDISK         1.0  PQ: 0 ANSI: 5
[    4.681706] scsi target2:0:0: Beginning Domain Validation
[    4.685709] scsi target2:0:0: Domain Validation skipping write tests
[    4.687003] scsi target2:0:0: Ending Domain Validation
[    4.688111] scsi target2:0:0: asynchronous
[    4.689345] scsi 2:0:1:0: Direct-Access     VBOX     HARDDISK         1.0  PQ: 0 ANSI: 5
[    6.503206] scsi target2:0:1: Beginning Domain Validation
[    6.516705] random: fast init done
[    6.524586] scsi target2:0:1: Domain Validation skipping write tests
[    6.531479] scsi target2:0:1: Ending Domain Validation
[    6.537164] scsi target2:0:1: asynchronous
[    6.559165] random: systemd-udevd: uninitialized urandom read (16 bytes read)
[    6.562936] random: systemd-udevd: uninitialized urandom read (16 bytes read)
[    6.567611] random: systemd-udevd: uninitialized urandom read (16 bytes read)
[    6.571541] sd 2:0:0:0: Attached scsi generic sg0 type 0
[    6.574910] sd 2:0:0:0: [sda] 20971520 512-byte logical blocks: (10.7 GB/10.0 GiB)
[    6.580295] sd 2:0:0:0: [sda] Write Protect is off
[    6.580429] sd 2:0:1:0: [sdb] 20480 512-byte logical blocks: (10.5 MB/10.0 MiB)
[    6.586148] sd 2:0:1:0: Attached scsi generic sg1 type 0
[    6.586200] sd 2:0:1:0: [sdb] Write Protect is off
[    6.589189] sd 2:0:0:0: [sda] Incomplete mode parameter data
[    6.589339] sd 2:0:1:0: [sdb] Incomplete mode parameter data
[    6.590475] sd 2:0:0:0: [sda] Assuming drive cache: write through
[    6.593045] sd 2:0:1:0: [sdb] Assuming drive cache: write through
[    6.599646]  sda: sda1
[    6.601314] sd 2:0:1:0: [sdb] Attached SCSI disk
[    6.603722] sd 2:0:0:0: [sda] Attached SCSI disk
Begin: Loading essential drivers ... [    8.316368] raid6: sse2x1   gen() 10587 MB/s
[    8.364197] raid6: sse2x1   xor()  7702 MB/s
[    8.412030] raid6: sse2x2   gen() 13082 MB/s
[    8.460407] raid6: sse2x2   xor()  8815 MB/s
[    8.508228] raid6: sse2x4   gen() 15239 MB/s
[    8.556489] raid6: sse2x4   xor()  8799 MB/s
[    8.604314] raid6: avx2x1   gen() 16629 MB/s
[    8.652146] raid6: avx2x1   xor() 14863 MB/s
[    8.700415] raid6: avx2x2   gen() 25502 MB/s
[    8.748239] raid6: avx2x2   xor() 15860 MB/s
[    8.796102] raid6: avx2x4   gen() 27536 MB/s
[    8.844370] raid6: avx2x4   xor() 17592 MB/s
[    8.845342] raid6: using algorithm avx2x4 gen() 27536 MB/s
[    8.846587] raid6: .... xor() 17592 MB/s, rmw enabled
[    8.847729] raid6: using avx2x2 recovery algorithm
[    8.850010] xor: automatically using best checksumming function   avx       
[    8.852804] async_tx: api initialized (async)
done.
Begin: Running /scripts/init-premount ... done.
Begin: Mounting root file system ... Begin: Running /scripts/local-top ... done.
Begin: Running /scripts/local-premount ... [    8.900764] Btrfs loaded, crc32c=crc32c-intel
Scanning for Btrfs filesystems
done.
Warning: fsck not present, so skipping root file system
[    8.937212] EXT4-fs (sda1): mounted filesystem with ordered data mode. Opts: (null)
done.
Begin: Running /scripts/local-bottom ... done.
Begin: Running /scripts/init-bottom ... done.
[    9.246390] ip_tables: (C) 2000-2006 Netfilter Core Team
[    9.269028] systemd[1]: systemd 237 running in system mode. (+PAM +AUDIT +SELINUX +IMA +APPARMOR +SMACK +SYSVINIT +UTMP +LIBCRYPTSETUP +GCRYPT +GNUTLS +ACL +XZ +LZ4 +SECCOMP +BLKID +ELFUTILS +KMOD -IDN2 +IDN -PCRE2 default-hierarchy=hybrid)
[    9.273480] systemd[1]: Detected virtualization oracle.
[    9.274560] systemd[1]: Detected architecture x86-64.

Welcome to [1mUbuntu 18.04.3 LTS[0m!

[    9.281809] systemd[1]: Set hostname to <ubuntu>.
[    9.299988] systemd[1]: Initializing machine ID from random generator.
[    9.301355] systemd[1]: Installed transient /etc/machine-id file.
[    9.860209] systemd[1]: Reached target User and Group Name Lookups.
[[0;32m  OK  [0m] Reached target User and Group Name Lookups.
[    9.862668] systemd[1]: Started Forward Password Requests to Wall Directory Watch.
[[0;32m  OK  [0m] Started Forward Password Requests to Wall Directory Watch.
[    9.865263] systemd[1]: Reached target Swap.
[[0;32m  OK  [0m] Reached target Swap.
[    9.866839] systemd[1]: Set up automount Arbitrary Executable File Formats File System Automount Point.
[[0;32m  OK  [0m] Set up automount Arbitrary Executab…rmats File System Automount Point.
[[0;32m  OK  [0m] Created slice User and Session Slice.
[[0;32m  OK  [0m] Created slice System Slice.
[[0;32m  OK  [0m] Reached target Slices.
[[0;32m  OK  [0m] Listening on Journal Socket (/dev/log).
[[0;32m  OK  [0m] Listening on LVM2 metadata daemon socket.
[[0;32m  OK  [0m] Listening on LVM2 poll daemon socket.
[[0;32m  OK  [0m] Listening on Journal Socket.
         Starting Create list of required st…ce nodes for the current kernel...
         Mounting Huge Pages File System...
         Mounting Kernel Debug File System...
         Starting Set the console keyboard layout...
         Starting Uncomplicated firewall...
         Starting Load Kernel Modules...
[[0;32m  OK  [0m] Listening on Network Service Netlink Socket.
[[0;32m  OK  [0m] Listening on Device-mapper event daemon FIFOs.
         Starting Remount Root and Kernel File Systems...
[    9.953915] Loading iSCSI transport class v2.0-870.
[    9.962851] iscsi: registered transport (tcp)
[[0;32m  OK  [0m] Listening on udev Control Socket.
[[0;32m  OK  [0m] Listening on Syslog Socket.
[    9.989205] EXT4-fs (sda1): re-mounted. Opts: (null)
[[0;32m  OK  [0m] Created slice system-serial\x2dgetty.slice.
[[0;32m  OK  [0m] Listening on udev Kernel Socket.
[   10.013804] iscsi: registered transport (iser)
         Starting udev Coldplug all Devices...
         Mounting POSIX Message Queue File System...
         Starting Monitoring of LVM2 mirrors…ng dmeventd or progress polling...
[[0;32m  OK  [0m] Reached target System Time Synchronized.
[[0;32m  OK  [0m] Listening on /dev/initctl Compatibility Named Pipe.
[[0;32m  OK  [0m] Listening on Journal Audit Socket.
         Starting Journal Service...
[[0;32m  OK  [0m] Started Create list of required sta…vice nodes for the current kernel.
[[0;32m  OK  [0m] Mounted Huge Pages File System.
[[0;32m  OK  [0m] Mounted Kernel Debug File System.
[[0;32m  OK  [0m] Started Uncomplicated firewall.
[[0;32m  OK  [0m] Started Load Kernel Modules.
[[0;32m  OK  [0m] Started Remount Root and Kernel File Systems.
[[0;32m  OK  [0m] Mounted POSIX Message Queue File System.
         Starting Load/Save Random Seed...
         Mounting Kernel Configuration File System...
         Starting Apply Kernel Variables...
         Mounting FUSE Control File System...
         Starting Create Static Device Nodes in /dev...
[[0;32m  OK  [0m] Mounted Kernel Configuration File System.
[[0;32m  OK  [0m] Mounted FUSE Control File System.
[[0;32m  OK  [0m] Started LVM2 metadata daemon.
[[0;32m  OK  [0m] Started udev Coldplug all Devices.
[[0;32m  OK  [0m] Started Journal Service.
         Starting Flush Journal to Persistent Storage...
[[0;32m  OK  [0m] Started Create Static Device Nodes in /dev.
         Starting udev Kernel Device Manager...
[[0;32m  OK  [0m] Started Set the console keyboard layout.
[[0;32m  OK  [0m] Started Load/Save Random Seed.
[[0;32m  OK  [0m] Started Apply Kernel Variables.
[[0;32m  OK  [0m] Started Monitoring of LVM2 mirrors,…sing dmeventd or progress polling.
[[0;32m  OK  [0m] Reached target Local File Systems (Pre).
[[0;32m  OK  [0m] Reached target Local File Systems.
         Starting Commit a transient machine-id on disk...
         Starting AppArmor initialization...
         Starting Tell Plymouth To Write Out Runtime Data...
         Starting ebtables ruleset management...
         Starting Set console font and keymap...
[[0;32m  OK  [0m] Started Tell Plymouth To Write Out Runtime Data.
[[0;32m  OK  [0m] Started Set console font and keymap.
[[0;32m  OK  [0m] Started udev Kernel Device Manager.
[[0;32m  OK  [0m] Started Dispatch Password Requests to Console Directory Watch.
[[0;32m  OK  [0m] Reached target Local Encrypted Volumes.
[[0;32m  OK  [0m] Started Flush Journal to Persistent Storage.
         Starting Create Volatile Files and Directories...
[[0;32m  OK  [0m] Started Commit a transient machine-id on disk.
[[0;32m  OK  [0m] Started Create Volatile Files and Directories.
         Starting Update UTMP about System Boot/Shutdown...
[[0;32m  OK  [0m] Started Update UTMP about System Boot/Shutdown.
[[0;32m  OK  [0m] Started ebtables ruleset management.
[[0;32m  OK  [0m] Found device /dev/ttyS0.
[[0;32m  OK  [0m] Listening on Load/Save RF Kill Switch Status /dev/rfkill Watch.
[[0;32m  OK  [0m] Started AppArmor initialization.
         Starting Initial cloud-init job (pre-networking)...
[   14.342071] cloud-init[535]: Cloud-init v. 19.2-24-ge7881d5c-0ubuntu1~18.04.1 running 'init-local' at Thu, 02 Apr 2020 08:17:34 +0000. Up 13.77 seconds.
[[0;32m  OK  [0m] Started Initial cloud-init job (pre-networking).
[[0;32m  OK  [0m] Reached target Network (Pre).
         Starting Network Service...
[[0;32m  OK  [0m] Started Network Service.
         Starting Network Name Resolution...
         Starting Wait for Network to be Configured...
[[0;32m  OK  [0m] Started Network Name Resolution.
[[0;32m  OK  [0m] Reached target Host and Network Name Lookups.
[[0;32m  OK  [0m] Reached target Network.
[[0;32m  OK  [0m] Started Wait for Network to be Configured.
         Starting Initial cloud-init job (metadata service crawler)...
[   16.439526] cloud-init[653]: Cloud-init v. 19.2-24-ge7881d5c-0ubuntu1~18.04.1 running 'init' at Thu, 02 Apr 2020 08:17:36 +0000. Up 16.21 seconds.
[   16.443498] cloud-init[653]: ci-info: ++++++++++++++++++++++++++++++++++++++Net device info++++++++++++++++++++++++++++++++++++++
[   16.446280] cloud-init[653]: ci-info: +--------+------+----------------------------+---------------+--------+-------------------+
[   16.447524] cloud-init[653]: ci-info: | Device |  Up  |          Address           |      Mask     | Scope  |     Hw-Address    |
[   16.448914] cloud-init[653]: ci-info: +--------+------+----------------------------+---------------+--------+-------------------+
[   16.450318] cloud-init[653]: ci-info: | enp0s3 | True |         10.0.2.15          | 255.255.255.0 | global | 02:50:d4:3b:43:74 |
[   16.451666] cloud-init[653]: ci-info: | enp0s3 | True | fe80::50:d4ff:fe3b:4374/64 |       .       |  link  | 02:50:d4:3b:43:74 |
[   16.453745] cloud-init[653]: ci-info: |   lo   | True |         127.0.0.1          |   255.0.0.0   |  host  |         .         |
[   16.456011] cloud-init[653]: ci-info: |   lo   | True |          ::1/128           |       .       |  host  |         .         |
[   16.458342] cloud-init[653]: ci-info: +--------+------+----------------------------+---------------+--------+-------------------+
[   16.460567] cloud-init[653]: ci-info: ++++++++++++++++++++++++++++Route IPv4 info+++++++++++++++++++++++++++++
[   16.462106] cloud-init[653]: ci-info: +-------+-------------+----------+-----------------+-----------+-------+
[   16.463811] cloud-init[653]: ci-info: | Route | Destination | Gateway  |     Genmask     | Interface | Flags |
[   16.465389] cloud-init[653]: ci-info: +-------+-------------+----------+-----------------+-----------+-------+
[   16.467330] cloud-init[653]: ci-info: |   0   |   0.0.0.0   | 10.0.2.2 |     0.0.0.0     |   enp0s3  |   UG  |
[   16.469046] cloud-init[653]: ci-info: |   1   |   10.0.2.0  | 0.0.0.0  |  255.255.255.0  |   enp0s3  |   U   |
[   16.470971] cloud-init[653]: ci-info: |   2   |   10.0.2.2  | 0.0.0.0  | 255.255.255.255 |   enp0s3  |   UH  |
[   16.473095] cloud-init[653]: ci-info: +-------+-------------+----------+-----------------+-----------+-------+
[   16.475008] cloud-init[653]: ci-info: +++++++++++++++++++Route IPv6 info+++++++++++++++++++
[   16.476595] cloud-init[653]: ci-info: +-------+-------------+---------+-----------+-------+
[   16.478261] cloud-init[653]: ci-info: | Route | Destination | Gateway | Interface | Flags |
[   16.480003] cloud-init[653]: ci-info: +-------+-------------+---------+-----------+-------+
[   16.481521] cloud-init[653]: ci-info: |   1   |  fe80::/64  |    ::   |   enp0s3  |   U   |
[   16.483262] cloud-init[653]: ci-info: |   3   |    local    |    ::   |   enp0s3  |   U   |
[   16.484822] cloud-init[653]: ci-info: |   4   |   ff00::/8  |    ::   |   enp0s3  |   U   |
[   16.486510] cloud-init[653]: ci-info: +-------+-------------+---------+-----------+-------+
[   18.139968] cloud-init[653]: Generating public/private rsa key pair.
[   18.141778] cloud-init[653]: Your identification has been saved in /etc/ssh/ssh_host_rsa_key.
[   18.143667] cloud-init[653]: Your public key has been saved in /etc/ssh/ssh_host_rsa_key.pub.
[   18.145930] cloud-init[653]: The key fingerprint is:
[   18.148944] cloud-init[653]: SHA256:GMjOZlirkN9iNV5QWXYdP7NEW1rxQ2JM7jRROrP6nIU root@ubuntu-bionic
[   18.150893] cloud-init[653]: The key's randomart image is:
[   18.153181] cloud-init[653]: +---[RSA 2048]----+
[   18.155143] cloud-init[653]: |      .oo ..+*o++|
[   18.157925] cloud-init[653]: |   . o.. .  ++==.|
[   18.160055] cloud-init[653]: |    = .      BB..|
[   18.162110] cloud-init[653]: | . = o o    o.=+.|
[   18.163610] cloud-init[653]: |o . O o S    o.  |
[   18.165299] cloud-init[653]: | o B o      . .  |
[   18.167388] cloud-init[653]: |  = o      . E . |
[   18.169237] cloud-init[653]: | . .        o o  |
[   18.170666] cloud-init[653]: |             +   |
[   18.171696] cloud-init[653]: +----[SHA256]-----+
[   18.172989] cloud-init[653]: Generating public/private dsa key pair.
[   18.174536] cloud-init[653]: Your identification has been saved in /etc/ssh/ssh_host_dsa_key.
[   18.176477] cloud-init[653]: Your public key has been saved in /etc/ssh/ssh_host_dsa_key.pub.
[   18.178349] cloud-init[653]: The key fingerprint is:
[   18.179643] cloud-init[653]: SHA256:q1TuVR/j57A4zl05mBaVJL+0oa39urC2mV55p58IkjQ root@ubuntu-bionic
[   18.181733] cloud-init[653]: The key's randomart image is:
[   18.183044] cloud-init[653]: +---[DSA 1024]----+
[   18.184619] cloud-init[653]: |             . . |
[   18.186190] cloud-init[653]: |              + .|
[   18.187586] cloud-init[653]: |               * |
[   18.188777] cloud-init[653]: |              = +|
[   18.200495] cloud-init[653]: |        SE  .oo+ |
[   18.202328] cloud-init[653]: |       o..o. o*+.|
[   18.203696] cloud-init[653]: |      . oo...=*+=|
[   18.205288] cloud-init[653]: |     . o ...=O.O=|
[   18.207223] cloud-init[653]: |      . .  +X+*=+|
[   18.208363] cloud-init[653]: +----[SHA256]-----+
[   18.209573] cloud-init[653]: Generating public/private ecdsa key pair.
[   18.211056] cloud-init[653]: Your identification has been saved in /etc/ssh/ssh_host_ecdsa_key.
[   18.212841] cloud-init[653]: Your public key has been saved in /etc/ssh/ssh_host_ecdsa_key.pub.
[   18.214566] cloud-init[653]: The key fingerprint is:
[   18.216528] cloud-init[653]: SHA256:4CPfIEwj+W5RyGSSy37rr/x/NNFQeJopS0b3WKAodfE root@ubuntu-bionic
[   18.218954] cloud-init[653]: The key's randomart image is:
[   18.220450] cloud-init[653]: +---[ECDSA 256]---+
[   18.221755] cloud-init[653]: |  ..o . o..+.    |
[   18.233007] cloud-init[653]: |  .* o o.o+ o    |
[   18.234453] cloud-init[653]: | .o.* +...E@     |
[   18.235983] cloud-init[653]: |  o= = .+ * o    |
[   18.237288] cloud-init[653]: | .  * +oSo .     |
[   18.238679] cloud-init[653]: |  ...= +. o      |
[   18.240467] cloud-init[653]: |   .o.. .. .     |
[   18.242207] cloud-init[653]: |   o.     .      |
[   18.243703] cloud-init[653]: |   .++o...       |
[   18.246936] cloud-init[653]: +----[SHA256]-----+
[   18.248601] cloud-init[653]: Generating public/private ed25519 key pair.
[[0;32m  OK  [0m] Started Initial cloud-init job (metadata service crawler).
[   18.251630] cloud-init[[0;32m  OK  [0m] Reached target Cloud-config availability.
[[0;32m  OK  [0m] Reached target Network is Online.
[653]: Your identification has been saved in /etc/ssh/ssh_host_ed25519_key.         Starting Availability of block devices...
[[0;32m  OK  [0m] Reached target Remote File Systems (Pre).
[[0;32m  OK  [0m] Reached target Remote File Systems.
[[0;32m  OK  [0m] Reached target System Initialization.
[[0;32m  OK  [0m] Listening on Open-iSCSI iscsid Socket.
[[0;32m  OK  [0m] Started Daily Cleanup of Temporary Directories.
[[0;32m  OK  [0m] Listening on D-Bus System Message Bus Socket.
[[0;32m  OK  [0m] Started Message of the Day.

         Starting Socket activation for snappy daemon.
[[0;32m  OK  [0m] Listening on UUID daemon activation socket.
[   18.272702] cloud-init[653]: Your public key has been saved in /etc/ssh/ssh_host_ed25519_key.pub.
[   18.276422] cloud-init[653]: The key fingerprint is:
[[0;32m  OK  [0m] Started ACPI Events Check.
[[0;32m  OK  [0m] Reached target Paths.
[[0;32m  OK  [0m] Started Daily apt download activities.
[[0;32m  OK  [0m] Started Daily apt upgrade and clean activities.
[   18.277583] cloud-init[653]: SHA256:GMu78Dp9FWcyaxO6fxZA5/85kooSQz4T1si1NS+GjVk root@ubuntu-bionic
         Starting LXD - unix socket.
[[0;32m  OK  [0m] Started Discard unused blocks once a week.
[[0;32m  OK  [0m] Reached target Timers.
[[0;32m  OK  [0m] Listening on ACPID Listen Socket.
[[0;32m  OK  [0m] Listening on Socket activation for snappy daemon.
[[0;32m  OK  [0m] Listening on LXD - unix socket.
[[0;32m  OK  [0m] Started Availability of block devices.
[[0;32m  OK  [0m] Reached target Sockets.
[[0;32m  OK  [0m] Reached target Basic System.
[[0;32m  OK  [0m] Started FUSE filesystem for LXC.
[   18.288927] cloud-init[653]: The key's randomart image is:
         Starting Pollinate to seed the pseudo random number generator...
         Starting Login Service...
         Starting LSB: Record successful boot for GRUB...
[[0;32m  OK  [0m] Started Deferred execution scheduler.
         Starting LXD - container startup/shutdown...
         Starting System Logging Service...
         Starting Accounts Service...
[   18.308812] cloud-init[653]: +--[ED25519 256]--+
[   18.341760] cloud-init[653]: |                 |
[   18.342756] cloud-init[653]: |         ..E.    |
[   18.343636] cloud-init[653]: |      o +.Ooo    |
[   18.344614] cloud-init[653]: |     . X **++.   |
[   18.345601] cloud-init[653]: |      B S..X..   |
[   18.346706] cloud-init[653]: |       B. = . .  |
[   18.347943] cloud-init[653]: |    ... =+ . ....|
[   18.349683] cloud-init[653]: |    .o.oo . oo o.|
[   18.353077] cloud-init[653]: |    .oo..o.+. . .|
[   18.354483] cloud-init[653]: +----[SHA256]-----+
[[0;32m  OK  [0m] Started Regular background program processing daemon.
         Starting Virtualbox guest utils...
         Starting LSB: automatic crash report generation...
         Starting Permit User Sessions...
[[0;32m  OK  [0m] Started D-Bus System Message Bus.
[[0;32m  OK  [0m] Started Login Service.
[[0;32m  OK  [0m] Started Unattended Upgrades Shutdown.
[[0;32m  OK  [0m] Started irqbalance daemon.
         Starting Snappy daemon...
         Starting Dispatcher daemon for systemd-networkd...
[[0;32m  OK  [0m] Started System Logging Service.
[[0;32m  OK  [0m] Started LXD - container startup/shutdown.
[[0;32m  OK  [0m] Started Permit User Sessions.
         Starting Authorization Manager...
         Starting Hold until boot process finishes up...
         Starting Terminate Plymouth Boot Screen...
[[0;32m  OK  [0m] Started Hold until boot process finishes up.
[[0;32m  OK  [0m] Started Serial Getty on ttyS0.
         Starting Set console scheme...
[[0;32m  OK  [0m] Started Terminate Plymouth Boot Screen.
[[0;32m  OK  [0m] Started Set console scheme.
[[0;32m  OK  [0m] Started LSB: automatic crash report generation.
[[0;32m  OK  [0m] Created slice system-getty.slice.
[[0;32m  OK  [0m] Started Getty on tty1.
[[0;32m  OK  [0m] Reached target Login Prompts.
[[0;32m  OK  [0m] Started LSB: Record successful boot for GRUB.
[[0;32m  OK  [0m] Started Authorization Manager.
[[0;32m  OK  [0m] Started Accounts Service.
[[0;32m  OK  [0m] Started Virtualbox guest utils.
[[0;32m  OK  [0m] Started Dispatcher daemon for systemd-networkd.
[[0;32m  OK  [0m] Started Snappy daemon.
         Starting Wait until snapd is fully seeded...
[[0;32m  OK  [0m] Started Pollinate to seed the pseudo random number generator.
         Starting OpenBSD Secure Shell server...
[[0;32m  OK  [0m] Started OpenBSD Secure Shell server.
[[0;32m  OK  [0m] Created slice User Slice of vagrant.
         Starting User Manager for UID 1000...
[[0;32m  OK  [0m] Started Session 1 of user vagrant.
[[0;32m  OK  [0m] Started User Manager for UID 1000.
[[0;32m  OK  [0m] Started Wait until snapd is fully seeded.
[[0;32m  OK  [0m] Reached target Multi-User System.
[[0;32m  OK  [0m] Reached target Graphical Interface.
         Starting Update UTMP about System Runlevel Changes...
         Starting Apply the settings specified in cloud-config...
[[0;32m  OK  [0m] Started Update UTMP about System Runlevel Changes.
[   22.817465] cloud-init[1217]: Cloud-init v. 19.2-24-ge7881d5c-0ubuntu1~18.04.1 running 'modules:config' at Thu, 02 Apr 2020 08:17:42 +0000. Up 21.76 seconds.
[[0;32m  OK  [0m] Started Apply the settings specified in cloud-config.
         Starting Execute cloud user/final scripts...
ci-info: no authorized ssh keys fingerprints found for user ubuntu.
<14>Apr  2 08:17:44 ec2: 
<14>Apr  2 08:17:44 ec2: #############################################################
<14>Apr  2 08:17:44 ec2: -----BEGIN SSH HOST KEY FINGERPRINTS-----
<14>Apr  2 08:17:44 ec2: 1024 SHA256:q1TuVR/j57A4zl05mBaVJL+0oa39urC2mV55p58IkjQ root@ubuntu-bionic (DSA)
<14>Apr  2 08:17:44 ec2: 256 SHA256:4CPfIEwj+W5RyGSSy37rr/x/NNFQeJopS0b3WKAodfE root@ubuntu-bionic (ECDSA)
<14>Apr  2 08:17:44 ec2: 256 SHA256:GMu78Dp9FWcyaxO6fxZA5/85kooSQz4T1si1NS+GjVk root@ubuntu-bionic (ED25519)
<14>Apr  2 08:17:44 ec2: 2048 SHA256:GMjOZlirkN9iNV5QWXYdP7NEW1rxQ2JM7jRROrP6nIU root@ubuntu-bionic (RSA)
<14>Apr  2 08:17:44 ec2: -----END SSH HOST KEY FINGERPRINTS-----
<14>Apr  2 08:17:44 ec2: #############################################################
-----BEGIN SSH HOST KEY KEYS-----
ecdsa-sha2-nistp256 AAAAE2VjZHNhLXNoYTItbmlzdHAyNTYAAAAIbmlzdHAyNTYAAABBBF2fi5I2qXKA4FFtNZZ9f6AuguFLEKIiYLsKNfJOTHnr7d4gBDbvpTE5+27SUt5Dy+cr94lszI5nD1SsZHp4qRQ= root@ubuntu-bionic
ssh-ed25519 AAAAC3NzaC1lZDI1NTE5AAAAIF4nIKgZpiveLklFySR31o2PrBKQBRlyAtD4e2DR5Fqr root@ubuntu-bionic
ssh-rsa AAAAB3NzaC1yc2EAAAADAQABAAABAQDZeueycwQaSbc81QxTbKdIZ78PZdGNHsvuTIZ9qr7LKLSSfLVGstmigD3Pyr5/mPk7i13bAhkhHwKln9EbvtSwnbndZhzKM7YRG33PXcVK2qPj8EflKyQkyDFyjtojalr9sz0kelVhaY2arDL1NQSTLUnCrD1AMn79YHnATnYY59XtfWbn0XumVs+dS5Oy2iOEZ7wY9pxG3mEMEBqDPHXCqgvbbdyeOYZ+oijkyACx402AwoJMacfB2urkvWglsFmoT/WdewtfSbkeu/8iFUA8gzvw8QGjntNiYoTX90GH+7YvbzzT2YLjS6n9dVRJAouwo04SdxHsAe0O8Zc52zkR root@ubuntu-bionic
-----END SSH HOST KEY KEYS-----
[   23.885768] cloud-init[1334]: Cloud-init v. 19.2-24-ge7881d5c-0ubuntu1~18.04.1 running 'modules:final' at Thu, 02 Apr 2020 08:17:44 +0000. Up 23.64 seconds.
[   23.886958] cloud-init[1334]: ci-info: no authorized ssh keys fingerprints found for user ubuntu.
[   23.888103] cloud-init[1334]: Cloud-init v. 19.2-24-ge7881d5c-0ubuntu1~18.04.1 finished at Thu, 02 Apr 2020 08:17:44 +0000. Datasource DataSourceNoCloud [seed=/dev/sdb][dsmode=net].  Up 23.87 seconds
[[0;32m  OK  [0m] Started Execute cloud user/final scripts.
[[0;32m  OK  [0m] Reached target Cloud-init target.

Ubuntu 18.04.3 LTS ubuntu-bionic ttyS0

ubuntu-bionic login: 